<?xml version="1.0" encoding="UTF-8"?>
<testsuite xmlns:xsi="http://www.w3.org/2001/XMLSchema-instance" xsi:noNamespaceSchemaLocation="https://maven.apache.org/surefire/maven-surefire-plugin/xsd/surefire-test-report-3.0.xsd" version="3.0" name="cucumber.Options.TestRunner" time="4.438" tests="1" errors="0" skipped="0" failures="0">
  <properties>
[...]
</properties>
  <testcase name="Verify able to Create a new user in GORest using create a new user API" classname="Validate the GORest API&apos;s" time="3.727">
    <system-out><![CDATA[/public/v2/users
6807001
]]></system-out>
  </testcase>
</testsuite>